Log file open, 07/21/17 14:29:53
LogInit:Display: Running engine for game: Elasticity
LogPlatformFile: Not using cached read wrapper
LogInit:Display: RandInit(2088105800) SRandInit(2088105800).
LogTaskGraph: Started task graph with 5 named threads and 8 total threads with 1 sets of task threads.
LogStats: Stats thread started at 0.064954
LogInit: Using libcurl 7.47.1
LogInit:  - built for x86_64-pc-win32
LogInit:  - supports SSL with OpenSSL/1.0.2g
LogInit:  - supports HTTP deflate (compression) using libz 1.2.8
LogInit:  - other features:
LogInit:      CURL_VERSION_SSL
LogInit:      CURL_VERSION_LIBZ
LogInit:      CURL_VERSION_IPV6
LogInit:      CURL_VERSION_ASYNCHDNS
LogInit:      CURL_VERSION_LARGEFILE
LogInit:      CURL_VERSION_IDN
LogInit:  CurlRequestOptions (configurable via config and command line):
LogInit:  - bVerifyPeer = false  - Libcurl will NOT verify peer certificate
LogInit:  - bUseHttpProxy = false  - Libcurl will NOT use HTTP proxy
LogInit:  - bDontReuseConnections = false  - Libcurl will reuse connections
LogInit:  - CertBundlePath = nullptr  - Libcurl will use whatever was configured at build time.
LogInit: Build: ++UE4+Release-4.15-CL-3348071
LogInit: Engine Version: 4.15.1-3348071+++UE4+Release-4.15
LogInit: Compatible Engine Version: 4.15.0-3299760+++UE4+Release-4.15
LogInit: Net CL: 3299760
LogDevObjectVersion: Number of dev versions registered: 14
LogDevObjectVersion:   Dev-Blueprints (B0D832E4-1F89-4F0D-ACCF-7EB736FD4AA2): 8
LogDevObjectVersion:   Dev-Build (E1C64328-A22C-4D53-A36C-8E866417BD8C): 0
LogDevObjectVersion:   Dev-Core (375EC13C-06E4-48FB-B500-84F0262A717E): 2
LogDevObjectVersion:   Dev-Editor (E4B068ED-F494-42E9-A231-DA0B2E46BB41): 14
LogDevObjectVersion:   Dev-Framework (CFFC743F-43B0-4480-9391-14DF171D2073): 22
LogDevObjectVersion:   Dev-Mobile (B02B49B5-BB20-44E9-A304-32B752E40360): 0
LogDevObjectVersion:   Dev-Networking (A4E4105C-59A1-49B5-A7C5-40C4547EDFEE): 0
LogDevObjectVersion:   Dev-Online (39C831C9-5AE6-47DC-9A44-9C173E1C8E7C): 0
LogDevObjectVersion:   Dev-Physics (78F01B33-EBEA-4F98-B9B4-84EACCB95AA2): 0
LogDevObjectVersion:   Dev-Platform (6631380F-2D4D-43E0-8009-CF276956A95A): 0
LogDevObjectVersion:   Dev-Rendering (12F88B9F-8875-4AFC-A67C-D90C383ABD29): 12
LogDevObjectVersion:   Dev-Sequencer (7B5AE74C-D270-4C10-A958-57980B212A5A): 3
LogDevObjectVersion:   Dev-VR (D7296918-1DD6-4BDD-9DE2-64A83CC13884): 0
LogDevObjectVersion:   Dev-LoadTimes (C2A15278-BFE7-4AFE-6C17-90FF531DF755): 1
LogInit: Compiled (64-bit): Mar 15 2017 16:52:47
LogInit: Compiled with Visual C++: 19.00.23026.00
LogInit: Build Configuration: Development
LogInit: Branch Name: ++UE4+Release-4.15
LogInit: Command line:  
LogInit: Base directory: C:/Program Files/Epic Games/UE_4.15/Engine/Binaries/Win64/
LogInit: Installed Engine Build: 1
LogInit: Presizing for max 8388607 objects, including 0 objects not considered by GC, pre-allocating 0 bytes for permanent pool.
LogInit: Object subsystem initialized
[2017.07.21-04.29.55:031][  0]LogInit: Selected Device Profile: [Windows]
[2017.07.21-04.29.55:031][  0]LogInit: Applying CVar settings loaded from the selected device profile: [Windows]
[2017.07.21-04.29.55:041][  0]LogInit: Computer: 33MTN-C715D3
[2017.07.21-04.29.55:041][  0]LogInit: User: S171384
[2017.07.21-04.29.55:041][  0]LogInit: CPU Page size=65536, Cores=4
[2017.07.21-04.29.55:041][  0]LogInit: High frequency timer resolution =3.328447 MHz
[2017.07.21-04.29.55:041][  0]LogMemory: Memory total: Physical=31.9GB (32GB approx)
[2017.07.21-04.29.55:041][  0]LogMemory: Platform Memory Stats for Windows
[2017.07.21-04.29.55:041][  0]LogMemory: Process Physical Memory: 265.32 MB used, 265.32 MB peak
[2017.07.21-04.29.55:041][  0]LogMemory: Process Virtual Memory: 266.25 MB used, 266.25 MB peak
[2017.07.21-04.29.55:041][  0]LogMemory: Physical Memory: 6385.66 MB used,  26318.80 MB free, 32704.47 MB total
[2017.07.21-04.29.55:041][  0]LogMemory: Virtual Memory: 633.75 MB used,  26318.80 MB free, 8388608.00 MB total
[2017.07.21-04.29.55:115][  0]LogTextLocalizationManager: No specific translations for ('en-US') exist, so ('en') translations will be used.
[2017.07.21-04.29.55:635][  0]LogD3D11RHI: D3D11 adapters:
[2017.07.21-04.29.55:659][  0]LogD3D11RHI:    0. 'NVIDIA GeForce GTX 1060 6GB' (Feature Level 11_0)
[2017.07.21-04.29.55:659][  0]LogD3D11RHI:       6045/0/16096 MB DedicatedVideo/DedicatedSystem/SharedSystem, Outputs:2, VendorId:0x10de
[2017.07.21-04.29.55:659][  0]LogD3D11RHI: Chosen D3D11 Adapter: 0
[2017.07.21-04.29.55:663][  0]LogD3D11RHI: Creating new Direct3DDevice
[2017.07.21-04.29.55:663][  0]LogD3D11RHI:     GPU DeviceId: 0x1c03 (for the marketing name, search the web for "GPU Device Id")
[2017.07.21-04.29.55:663][  0]LogWindows: EnumDisplayDevices:
[2017.07.21-04.29.55:663][  0]LogWindows:    0. 'NVIDIA GeForce GTX 1060 6GB' (P:1 D:1)
[2017.07.21-04.29.55:663][  0]LogWindows:    1. 'NVIDIA GeForce GTX 1060 6GB' (P:0 D:1)
[2017.07.21-04.29.55:663][  0]LogWindows:    2. 'NVIDIA GeForce GTX 1060 6GB' (P:0 D:0)
[2017.07.21-04.29.55:663][  0]LogWindows:    3. 'NVIDIA GeForce GTX 1060 6GB' (P:0 D:0)
[2017.07.21-04.29.55:663][  0]LogWindows:    4. 'RDPDD Chained DD' (P:0 D:0)
[2017.07.21-04.29.55:664][  0]LogWindows:    5. 'RDP Encoder Mirror Driver' (P:0 D:0)
[2017.07.21-04.29.55:664][  0]LogWindows:    6. 'RDP Reflector Display Driver' (P:0 D:0)
[2017.07.21-04.29.55:664][  0]LogWindows: DebugString: GetVideoDriverDetailsInvalid PrimaryIsNotTheChoosenAdapter GetVideoDriverDetailsInvalid PrimaryIsNotTheChoosenAdapter GetVideoDriverDetailsInvalid PrimaryIsNotTheChoosenAdapter FoundDriverCount:4 
[2017.07.21-04.29.55:664][  0]LogD3D11RHI:     Adapter Name: NVIDIA GeForce GTX 1060 6GB
[2017.07.21-04.29.55:664][  0]LogD3D11RHI:   Driver Version: 376.33 (internal:21.21.13.7633, unified:376.33)
[2017.07.21-04.29.55:664][  0]LogD3D11RHI:      Driver Date: 12-11-2016
[2017.07.21-04.29.55:664][  0]LogRHI: Texture pool is 1361 MB (70% of 1945 MB)
[2017.07.21-04.29.55:673][  0]LogD3D11RHI: Async texture creation enabled
[2017.07.21-04.29.55:688][  0]LogD3D11RHI: GPU Timing Frequency: 1000.000000 (Debug: 2 2)
[2017.07.21-04.29.55:770][  0]LogShaderCompilers: Guid format shader working directory is -15 characters bigger than the processId version (../../../../../../Users/S171384/Documents/GitHub/RSO/Elasticity/Intermediate/Shaders/WorkingDirectory/6956/).
[2017.07.21-04.29.55:770][  0]LogShaderCompilers: Cleaned the shader compiler working directory 'C:/Users/S171384/AppData/Local/Temp/UnrealShaderWorkingDir/48FB0C044188546006008FA49AE12095/'.
[2017.07.21-04.29.55:770][  0]LogShaderCompilers:Display: Using Local Shader Compiler.
[2017.07.21-04.29.56:629][  0]LogTemp:Display: Loaded TP AllDesktopTargetPlatform
[2017.07.21-04.29.56:676][  0]LogTemp:Display: Loaded TP MacClientTargetPlatform
[2017.07.21-04.29.56:724][  0]LogTemp:Display: Loaded TP MacNoEditorTargetPlatform
[2017.07.21-04.29.56:773][  0]LogTemp:Display: Loaded TP MacServerTargetPlatform
[2017.07.21-04.29.56:821][  0]LogTemp:Display: Loaded TP MacTargetPlatform
[2017.07.21-04.29.56:868][  0]LogTemp:Display: Loaded TP WindowsClientTargetPlatform
[2017.07.21-04.29.56:916][  0]LogTemp:Display: Loaded TP WindowsNoEditorTargetPlatform
[2017.07.21-04.29.56:964][  0]LogTemp:Display: Loaded TP WindowsServerTargetPlatform
[2017.07.21-04.29.57:004][  0]LogTemp:Display: Loaded TP WindowsTargetPlatform
[2017.07.21-04.29.57:050][  0]LogTemp:Display: Loaded TP AndroidTargetPlatform
[2017.07.21-04.29.57:098][  0]LogTemp:Display: Loaded TP Android_ASTCTargetPlatform
[2017.07.21-04.29.57:145][  0]LogTemp:Display: Loaded TP Android_ATCTargetPlatform
[2017.07.21-04.29.57:193][  0]LogTemp:Display: Loaded TP Android_DXTTargetPlatform
[2017.07.21-04.29.57:239][  0]LogTemp:Display: Loaded TP Android_ETC1TargetPlatform
[2017.07.21-04.29.57:287][  0]LogTemp:Display: Loaded TP Android_ETC2TargetPlatform
[2017.07.21-04.29.57:381][  0]LogTemp:Display: Loaded TP Android_MultiTargetPlatform
[2017.07.21-04.29.57:381][  0]LogTemp:Display: Loaded TP Android_PVRTCTargetPlatform
[2017.07.21-04.29.57:414][  0]LogTemp:Display: Loaded TP HTML5TargetPlatform
[2017.07.21-04.29.57:499][  0]LogTemp:Display: Loaded TP IOSTargetPlatform
[2017.07.21-04.29.57:529][  0]LogTemp:Display: Loaded TP TVOSTargetPlatform
[2017.07.21-04.29.57:577][  0]LogTemp:Display: Loaded TP LinuxClientTargetPlatform
[2017.07.21-04.29.57:624][  0]LogTemp:Display: Loaded TP LinuxNoEditorTargetPlatform
[2017.07.21-04.29.57:672][  0]LogTemp:Display: Loaded TP LinuxServerTargetPlatform
[2017.07.21-04.29.57:719][  0]LogTemp:Display: Loaded TP LinuxTargetPlatform
[2017.07.21-04.29.57:719][  0]LogTargetPlatformManager:Display: Building Assets For Windows
[2017.07.21-04.29.58:072][  0]LogDerivedDataCache:Display: Max Cache Size: 512 MB
[2017.07.21-04.29.58:116][  0]LogDerivedDataCache: Loaded boot cache 0.04s 50MB C:/Users/S171384/AppData/Local/UnrealEngine/4.15/DerivedDataCache/Boot.ddc.
[2017.07.21-04.29.58:116][  0]LogDerivedDataCache:Display: Loaded Boot cache: C:/Users/S171384/AppData/Local/UnrealEngine/4.15/DerivedDataCache/Boot.ddc
[2017.07.21-04.29.58:116][  0]LogDerivedDataCache: FDerivedDataBackendGraph:  Pak pak cache file ../../../../../../Users/S171384/Documents/GitHub/RSO/Elasticity/DerivedDataCache/DDC.ddp not found, will not use a pak cache.
[2017.07.21-04.29.58:116][  0]LogDerivedDataCache: Unable to find inner node Pak for hierarchical cache Hierarchy.
[2017.07.21-04.29.58:116][  0]LogDerivedDataCache: FDerivedDataBackendGraph:  CompressedPak pak cache file ../../../../../../Users/S171384/Documents/GitHub/RSO/Elasticity/DerivedDataCache/Compressed.ddp not found, will not use a pak cache.
[2017.07.21-04.29.58:116][  0]LogDerivedDataCache: Unable to find inner node CompressedPak for hierarchical cache Hierarchy.
[2017.07.21-04.29.58:131][  0]LogDerivedDataCache:Display: Pak cache opened for reading ../../../Engine/DerivedDataCache/Compressed.ddp.
[2017.07.21-04.29.58:143][  0]LogDerivedDataCache: Using Local data cache path C:/Users/S171384/AppData/Local/UnrealEngine/Common/DerivedDataCache: Writable
[2017.07.21-04.29.58:150][  0]LogSlate: Using Freetype 2.6.0
[2017.07.21-04.29.58:151][  0]LogSlate: SlateFontCache - WITH_FREETYPE: 1, WITH_HARFBUZZ: 1
[2017.07.21-04.29.58:151][  0]LogSlate: SlateFontCache - WITH_FREETYPE: 1, WITH_HARFBUZZ: 1
[2017.07.21-04.29.58:382][  0]LogInit: Selected Device Profile: [Windows]
[2017.07.21-04.29.58:384][  0]LogContentStreaming: Texture pool size is 0.00 MB
[2017.07.21-04.29.58:565][  0]LogMeshUtilities: Using QuadricMeshReduction for automatic static mesh reduction
[2017.07.21-04.29.58:601][  0]LogSimplygon: Simplygon DLL not present - disabling.
[2017.07.21-04.29.58:639][  0]LogMeshUtilities: Using SimplygonSwarm for distributed automatic mesh merging
[2017.07.21-04.29.58:639][  0]LogMeshUtilities: No automatic skeletal mesh reduction module available
[2017.07.21-04.29.58:639][  0]LogMeshUtilities: No automatic mesh merging module available
[2017.07.21-04.29.59:082][  0]LogNetVersion: GetLocalNetworkVersion: CL: 3299760, ProjectName: elasticity, ProjectVersion: , EngineNetworkVersion: 2, GameNetworkVersion: 0, NetworkChecksum: 785609284
[2017.07.21-04.29.59:126][  0]LogAssetRegistry: FAssetRegistry took 0.0197 seconds to start up
[2017.07.21-04.29.59:172][  0]LogPackageLocalizationCache: Processed 3 localized package path(s) for 2 prioritized culture(s) in 0.028556 seconds
[2017.07.21-04.29.59:176][  0]LogUObjectArray: 32493 objects as part of root set at end of initial load.
[2017.07.21-04.29.59:176][  0]LogUObjectAllocator: 7077024 out of 0 bytes used by permanent object pool.
[2017.07.21-04.29.59:176][  0]LogUObjectArray: CloseDisregardForGC: 0/0 objects in disregard for GC pool
[2017.07.21-04.29.59:225][  0]LogInit: WinSock: version 1.1 (2.2), MaxSocks=32767, MaxUdp=65467
[2017.07.21-04.30.00:642][  0]LogTcpMessaging: Initializing TcpMessaging bridge
[2017.07.21-04.30.00:672][  0]LogUdpMessaging: Initializing bridge on interface 0.0.0.0:0 to multicast group 230.0.0.1:6666.
[2017.07.21-04.30.01:063][  0]LogMaterial: Uniform references updated for custom material expression Custom.
[2017.07.21-04.30.01:387][  0]SourceControl: Info Source control is disabled
[2017.07.21-04.30.01:387][  0]SourceControl: Info Source control is disabled
[2017.07.21-04.30.01:424][  0]SourceControl: Info Source control is disabled
[2017.07.21-04.30.01:462][  0]SourceControl: Info Source control is disabled
[2017.07.21-04.30.02:464][  0]LogEngine: Initializing Engine...
[2017.07.21-04.30.02:464][  0]LogHMD: Failed to initialize OpenVR with code 110
[2017.07.21-04.30.02:671][  0]LogAIModule: Creating AISystem for world Untitled
[2017.07.21-04.30.02:681][  0]LogInit: XAudio2 using 'Realtek Digital Output (Realtek High Definition Audio)' : 2 channels at 48 kHz using 16 bits per sample (channel mask 0x3)
[2017.07.21-04.30.02:689][  0]LogInit: FAudioDevice initialized.
[2017.07.21-04.30.02:713][  0]LogDerivedDataCache: Saved boot cache 0.02s 50MB C:/Users/S171384/AppData/Local/UnrealEngine/4.15/DerivedDataCache/Boot.ddc.
[2017.07.21-04.30.02:718][  0]LogInit: Texture streaming: Enabled
[2017.07.21-04.30.02:795][  0]LogEngineSessionManager: EngineSessionManager initialized
[2017.07.21-04.30.02:869][  0]LogInit: Transaction tracking system initialized
[2017.07.21-04.30.03:159][  0]BlueprintLog: New page: Editor Load
[2017.07.21-04.30.03:896][  0]LocalizationService: Info Localization service is disabled
[2017.07.21-04.30.04:449][  0]LogConsoleResponse:Display: 
[2017.07.21-04.30.04:562][  0]LogCook:Display: Max memory allowance for cook 16384mb min free memory 0mb
[2017.07.21-04.30.04:562][  0]LogCook:Display: Mobile HDR setting 1
[2017.07.21-04.30.04:584][  0]LogFileCache: Scanning file cache for directory 'C:/Users/S171384/Documents/GitHub/RSO/Elasticity/Content/' took 0.01s
[2017.07.21-04.30.05:395][  0]SourceControl: Info Source control is disabled
[2017.07.21-04.30.05:395][  0]Cmd: MAP LOAD FILE="../../../../../../Users/S171384/Documents/GitHub/RSO/Elasticity/Content/StarterContent/Maps/Minimal_Default.umap" TEMPLATE=0 SHOWPROGRESS=1 FEATURELEVEL=3
[2017.07.21-04.30.05:396][  0]LightingResults: New page: Lighting Build
[2017.07.21-04.30.05:430][  0]MapCheck: New page: Map Check
[2017.07.21-04.30.05:430][  0]LightingResults: New page: Lighting Build
[2017.07.21-04.30.05:692][  0]LogAIModule: Creating AISystem for world Minimal_Default
[2017.07.21-04.30.05:712][  0]LogEditorServer: Finished looking for orphan Actors (0.000 secs)
[2017.07.21-04.30.05:713][  0]Cmd: MAP CHECKDEP NOCLEARLOG
[2017.07.21-04.30.05:745][  0]MapCheck: Info Map check complete: 0 Error(s), 0 Warning(s), took 32.067ms to complete.
[2017.07.21-04.30.05:745][  0]LogFileHelpers: Loading map 'Minimal_Default' took 0.350
[2017.07.21-04.30.05:892][  0]LogCollectionManager: Loaded 0 collections in 0.001071 seconds
[2017.07.21-04.30.05:968][  0]LogFileCache: Scanning file cache for directory 'C:/Users/S171384/Documents/GitHub/RSO/Elasticity/Saved/Collections/' took 0.01s
[2017.07.21-04.30.05:968][  0]LogFileCache: Scanning file cache for directory 'C:/Users/S171384/Documents/GitHub/RSO/Elasticity/Content/Developers/S171384/Collections/' took 0.01s
[2017.07.21-04.30.05:968][  0]LogFileCache: Scanning file cache for directory 'C:/Users/S171384/Documents/GitHub/RSO/Elasticity/Content/Collections/' took 0.01s
[2017.07.21-04.30.05:968][  0]LogCollectionManager: Rebuilt the GUID cache for 0 collections in 0.000001 seconds
[2017.07.21-04.30.05:975][  0]LogContentBrowser: Native class hierarchy populated in 0.0067 seconds. Added 2245 classes and 453 folders.
[2017.07.21-04.30.05:978][  0]LogStats: UGameplayTagsManager::ConstructGameplayTagTree: Construct from data asset -  0.000 s
[2017.07.21-04.30.05:978][  0]LogStats: UGameplayTagsManager::ConstructGameplayTagTree: GameplayTagTreeChangedEvent.Broadcast -  0.000 s
[2017.07.21-04.30.06:029][  0]LogContentBrowser: Native class hierarchy updated for 'WidgetCarousel' in 0.0005 seconds. Added 0 classes and 0 folders.
[2017.07.21-04.30.06:061][  0]LogContentBrowser: Native class hierarchy updated for 'AddContentDialog' in 0.0006 seconds. Added 0 classes and 0 folders.
[2017.07.21-04.30.06:097][  0]LogContentBrowser: Native class hierarchy updated for 'SceneOutliner' in 0.0007 seconds. Added 1 classes and 2 folders.
[2017.07.21-04.30.06:179][  0]LogCrashTracker: Crashtracker disabled due to settings.
[2017.07.21-04.30.06:185][  0]LogUObjectGlobals:Warning: Failed to find object 'Class None.'
[2017.07.21-04.30.06:243][  0]LogContentBrowser: Native class hierarchy updated for 'HierarchicalLODOutliner' in 0.0004 seconds. Added 1 classes and 2 folders.
[2017.07.21-04.30.06:243][  0]LogLoad: (Engine Initialization) Total time: 13.20 seconds
[2017.07.21-04.30.06:243][  0]LogLoad: (Engine Initialization) Total Blueprint compile time: 0.08 seconds
[2017.07.21-04.30.06:243][  0]LogExternalProfiler: Found external profiler: VSPerf
[2017.07.21-04.30.06:243][  0]LogExternalProfiler: Using external profiler: VSPerf
[2017.07.21-04.30.06:252][  0]LogOcInput: OculusInput pre-init called
[2017.07.21-04.30.06:273][  0]LogContentStreaming: Texture pool size now 1000 MB
[2017.07.21-04.30.06:274][  0]LogSlate: Took 0.000236 seconds to synchronously load lazily loaded font '../../../Engine/Content/Slate/Fonts/Roboto-Regular.ttf' (155K)
[2017.07.21-04.30.06:277][  0]LogSlate: Took 0.000179 seconds to synchronously load lazily loaded font '../../../Engine/Content/Slate/Fonts/Roboto-Bold.ttf' (160K)
[2017.07.21-04.30.06:281][  0]LogSlate: Took 0.000187 seconds to synchronously load lazily loaded font '../../../Engine/Content/Editor/Slate/Fonts/FontAwesome.ttf' (139K)
[2017.07.21-04.30.06:380][  0]LogSlate: Took 0.000201 seconds to synchronously load lazily loaded font '../../../Engine/Content/Slate/Fonts/Roboto-Light.ttf' (159K)
[2017.07.21-04.30.06:422][  0]LogRenderer: Reallocating scene render targets to support 1208x632 NumSamples 1 (Frame:2).
[2017.07.21-04.30.06:486][  1]LogAssetRegistry: Asset discovery search completed in 7.3794 seconds
[2017.07.21-04.30.06:486][  1]LogCollectionManager: Rebuilt the object cache for 0 collections in 0.000003 seconds (found 0 objects)
[2017.07.21-04.30.06:486][  1]LogCollectionManager: Fixed up redirectors for 0 collections in 0.000014 seconds (updated 0 objects)
[2017.07.21-04.30.12:528][602]LogSlate: Took 0.000102 seconds to synchronously load lazily loaded font '../../../Engine/Content/Slate/Fonts/Roboto-Light.ttf' (159K)
[2017.07.21-04.30.12:901][602]LogContentBrowser: Native class hierarchy updated for 'BlueprintGraph' in 0.0008 seconds. Added 112 classes and 0 folders.
[2017.07.21-04.30.13:384][602]LogSlate: Took 0.000117 seconds to synchronously load lazily loaded font '../../../Engine/Content/Slate/Fonts/Roboto-Regular.ttf' (155K)
[2017.07.21-04.30.13:449][602]LogSlate: Took 0.000199 seconds to synchronously load lazily loaded font '../../../Engine/Content/Editor/Slate/Fonts/Roboto-BoldCondensed.ttf' (158K)
[2017.07.21-04.30.13:600][603]LogSlate: Took 0.000195 seconds to synchronously load lazily loaded font '../../../Engine/Content/Editor/Slate/Fonts/Roboto-Italic.ttf' (157K)
[2017.07.21-04.30.23:209][397]LogAIModule: Creating AISystem for world NewMap
[2017.07.21-04.30.23:235][397]Cmd: MAP LOAD FILE="../../../../../../Users/S171384/Documents/GitHub/RSO/Elasticity/Content/NewMap.umap" TEMPLATE=0 SHOWPROGRESS=1 FEATURELEVEL=3
[2017.07.21-04.30.23:235][397]LightingResults: New page: Lighting Build
[2017.07.21-04.30.23:236][397]LoadErrors: New page: Loading map: NewMap.umap
[2017.07.21-04.30.23:236][397]MapCheck: New page: Map Check
[2017.07.21-04.30.23:236][397]LightingResults: New page: Lighting Build
[2017.07.21-04.30.23:302][397]LogEditorServer: Finished looking for orphan Actors (0.000 secs)
[2017.07.21-04.30.23:322][397]Cmd: MAP CHECKDEP NOCLEARLOG
[2017.07.21-04.30.23:359][397]MapCheck: Info Map check complete: 0 Error(s), 0 Warning(s), took 37.206ms to complete.
[2017.07.21-04.30.23:359][397]LogFileHelpers: Loading map 'NewMap' took 0.126
[2017.07.21-04.30.30:718][250]Cmd: SELECT NONE
[2017.07.21-04.31.09:804][369]LogActorComponent: UnregisterComponent: (/Engine/Transient.EditorFloorComp) Not registered. Aborting.
